<?xml version="1.0" encoding="UTF-8"?>
<!-- Generated by org.testng.reporters.JUnitReportReporter -->
<testsuite hostname="DESKTOP-L8OF6PR" failures="0" tests="1" name="com.Testng.phase5.Registration_Form_Automation.RegistrationForm" time="62.117" errors="0" timestamp="10 Mar 2022 19:01:49 GMT" skipped="0">
  <testcase classname="com.Testng.phase5.Registration_Form_Automation.RegistrationForm" name="invokeBrowser" time="62.117"/>
</testsuite> <!-- com.Testng.phase5.Registration_Form_Automation.RegistrationForm -->
