<?xml version="1.0" encoding="UTF-8"?>
<!-- Generated by org.testng.reporters.JUnitReportReporter -->
<testsuite hostname="DESKTOP-L8OF6PR" failures="0" tests="1" name="com.umme.Registration_Form_Automation.RegistrationForm" time="57.055" errors="0" timestamp="11 Mar 2022 09:37:09 GMT" skipped="0">
  <testcase classname="com.umme.Registration_Form_Automation.RegistrationForm" name="invokeBrowser" time="57.055"/>
</testsuite> <!-- com.umme.Registration_Form_Automation.RegistrationForm -->
